Arguments: 
  /home/carlos/.nvm/versions/node/v18.4.0/bin/node /home/carlos/.yarn/bin/yarn.js

PATH: 
  /home/carlos/google-cloud-sdk/bin:/home/carlos/.yarn/bin:/home/carlos/.config/yarn/global/node_modules/.bin:/home/carlos/.rbenv/plugins/ruby-build/bin:/home/carlos/.rbenv/bin:/home/carlos/.vscode-server/bin/704ed70d4fd1c6bd6342c436f1ede30d1cff4710/bin/remote-cli:/home/carlos/google-cloud-sdk/bin:/home/carlos/.rvm/gems/ruby-2.7.6/bin:/home/carlos/.rvm/gems/ruby-2.7.6@global/bin:/home/carlos/.rvm/rubies/ruby-2.7.6/bin:/home/carlos/.yarn/bin:/home/carlos/.config/yarn/global/node_modules/.bin:/home/carlos/.nvm/versions/node/v18.4.0/bin:/home/carlos/.rbenv/plugins/ruby-build/bin:/home/carlos/.rbenv/bin:/home/linuxbrew/.linuxbrew/bin:/home/linuxbrew/.linuxbrew/sbin:/usr/local/sbin:/usr/local/bin:/usr/sbin:/usr/bin:/sbin:/bin:/usr/games:/usr/local/games:/usr/lib/wsl/lib:/mnt/c/Program Files/WindowsApps/CanonicalGroupLimited.Ubuntu20.04onWindows_2004.2022.8.0_x64__79rhkp1fndgsc:/mnt/c/Program Files (x86)/Common Files/Intel/Shared Libraries/redist/intel64/compiler:/mnt/c/Windows/system32:/mnt/c/Windows:/mnt/c/Windows/System32/Wbem:/mnt/c/Windows/System32/WindowsPowerShell/v1.0/:/mnt/c/Windows/System32/OpenSSH/:/mnt/c/Program Files (x86)/NVIDIA Corporation/PhysX/Common:/mnt/c/Program Files/Common Files/Autodesk Shared/:/mnt/c/Program Files/Microsoft SQL Server/120/Tools/Binn/:/mnt/c/Program Files/Git/cmd:/Docker/host/bin:/mnt/c/Users/User/AppData/Local/Programs/Python/Python38/Scripts/:/mnt/c/Users/User/AppData/Local/Programs/Python/Python38/:/mnt/c/Users/User/AppData/Local/Programs/Python/Python36/Scripts/:/mnt/c/Users/User/AppData/Local/Programs/Python/Python36/:/mnt/c/Users/User/AppData/Local/Programs/Python/Python37/Scripts/:/mnt/c/Users/User/AppData/Local/Programs/Python/Python37/:/mnt/c/Users/User/AppData/Local/Programs/Python/Python39/Scripts/:/mnt/c/Users/User/AppData/Local/Programs/Python/Python39/:/mnt/c/Users/User/AppData/Local/Microsoft/WindowsApps:/mnt/c/Users/User/AppData/Local/Programs/Microsoft VS Code/bin:/home/carlos/.yarn/bin:/home/carlos/.rvm/bin:/home/carlos/.rvm/bin:/home/carlos/.rvm/bin:/home/carlos/.rvm/bin

Yarn version: 
  1.22.17

Node version: 
  18.4.0

Platform: 
  linux x64

Trace: 
  SyntaxError: /home/carlos/sideprojects/sprockets/package.json: Unexpected token } in JSON at position 780
      at JSON.parse (<anonymous>)
      at /home/carlos/.yarn/lib/cli.js:1625:59
      at Generator.next (<anonymous>)
      at step (/home/carlos/.yarn/lib/cli.js:310:30)
      at /home/carlos/.yarn/lib/cli.js:321:13

npm manifest: 
  {
    "name": "sprockets",
    "version": "1.0.0",
    "main": "index.js",
    "repository": "git@github.com:carloshdelreal/sprockets.git",
    "author": "Carlos Del Real <carloshdelreal@gmail.com>",
    "license": "MIT",
    "dependencies": {
      "@babel/plugin-proposal-decorators": "^7.18.10",
      "@hapi/boom": "^9.1.3",
      "@hapi/hapi": "^20.1.4",
      "@hapi/inert": "^6.0.3",
      "@hapi/vision": "^6.1.0",
      "@jest/types": "^27.0.2",
      "@joi/date": "^2.1.0",
      "babel-plugin-transform-typescript-metadata": "^0.3.2",
      "dotenv": "^10.0.0",
      "hapi-pharm": "git+https://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:x-oauth-basic@github.com/truepill/hapi-pharm.git#a5816bc",
      "hapi-swagger": "^14.2.0",
      "inversify": "^5.1.1",
      "joi": "^17.4.0",
      "lodash": "^4.17.21",
    },
    "devDependencies": {
      "@babel/core": "^7.12.9",
      "@babel/preset-env": "^7.12.7",
      "@babel/preset-typescript": "^7.14.5",
      "@commitlint/cli": "^8.2.0",
      "@commitlint/config-conventional": "^8.2.0",
      "@hapi/code": "^5.3.1",
      "@hapi/lab": "^19.0.1",
      "@tsconfig/node12": "^1.0.0",
      "@types/jest": "^26.0.24",
      "@types/node": "^15.14.2",
      "eslint": "^7.27.0",
      "eslint-plugin-sort-keys-fix": "^1.1.1",
      "husky": "^4.2.5",
      "jest": "^27.0.5",
      "lint-staged": "^11.0.0",
      "nodemon": "^2.0.7",
      "prettier": "^2.3.0",
      "semantic-release": "^19.0.3",
      "ts-jest": "^27.0.4",
      "ts-node-dev": "^1.1.0",
      "tsconfig-paths-webpack-plugin": "^3.5.1",
      "typescript": "^4.3.0"
    }
  }

yarn manifest: 
  No manifest

Lockfile: 
  No lockfile
